{"name": "test_playwright_fail", "status": "failed", "statusDetails": {"message": "AssertionError: assert False", "trace": "browser = <Page url='https://www.google.com/'>\n\n    def test_playwright_fail(browser):\n        browser.goto('https://www.google.com')\n>       assert False\nE       assert False\n\ntest/test_sample.py:11: AssertionError"}, "attachments": [{"name": "test_playwright_fail", "source": "99ff9a6c-1c72-4a9a-a091-a0eb8783306b-attachment.png", "type": "image/png"}], "start": 1732614120110, "stop": 1732614121387, "uuid": "a4c13ae0-f068-4d5e-9919-96ef823100a2", "historyId": "11b055ea1ac62d7f2a5b3df855d7f00a", "testCaseId": "11b055ea1ac62d7f2a5b3df855d7f00a", "fullName": "test.test_sample#test_playwright_fail", "labels": [{"name": "parentSuite", "value": "test"}, {"name": "suite", "value": "test_sample"}, {"name": "host", "value": "HYD-M-PBORO.glu.com"}, {"name": "thread", "value": "10120-MainThread"}, {"name": "framework", "value": "pytest"}, {"name": "language", "value": "cpython3"}, {"name": "package", "value": "test.test_sample"}]}