{"name": "test_playwright_fail", "status": "failed", "statusDetails": {"message": "AssertionError: assert False", "trace": "browser = <Page url='https://www.google.com/'>\n\n    def test_playwright_fail(browser):\n        browser.goto('https://www.google.com')\n>       assert False\nE       assert False\n\ntest/test_sample.py:11: AssertionError"}, "start": 1732613919649, "stop": 1732613920924, "uuid": "77e562c2-9a87-4b4d-92dc-8fac934f0704", "historyId": "11b055ea1ac62d7f2a5b3df855d7f00a", "testCaseId": "11b055ea1ac62d7f2a5b3df855d7f00a", "fullName": "test.test_sample#test_playwright_fail", "labels": [{"name": "parentSuite", "value": "test"}, {"name": "suite", "value": "test_sample"}, {"name": "host", "value": "HYD-M-PBORO.glu.com"}, {"name": "thread", "value": "8676-MainThread"}, {"name": "framework", "value": "pytest"}, {"name": "language", "value": "cpython3"}, {"name": "package", "value": "test.test_sample"}]}